<?xml version="1.0" encoding="UTF-8"?>
<robot generator="Robot 4.1.3 (Python 3.7.3 on win32)" generated="20220106 09:18:43.712" rpa="false" schemaversion="2">
<suite id="s1" name="TCvariables" source="C:\Users\Victoria\PycharmProjects\MyProject\TestSuites\TCvariables.robot">
<test id="s1-t1" name="Opening a browser">
<kw name="Open Browser" library="SeleniumLibrary">
<arg>${searchwebsite}[0]</arg>
<arg>${browser}</arg>
<doc>Opens a new browser instance to the optional ``url``.</doc>
<msg timestamp="20220106 09:18:45.572" level="INFO">Opening browser 'chrome' to base url 'https://www.jumia.com'.</msg>
<status status="PASS" starttime="20220106 09:18:45.572" endtime="20220106 09:21:12.275"/>
</kw>
<kw name="Maximize Browser Window" library="SeleniumLibrary">
<doc>Maximizes current browser window.</doc>
<status status="PASS" starttime="20220106 09:21:12.354" endtime="20220106 09:21:12.638"/>
</kw>
<kw name="Close Browser" library="SeleniumLibrary">
<doc>Closes the current browser.</doc>
<status status="PASS" starttime="20220106 09:21:12.641" endtime="20220106 09:21:36.096"/>
</kw>
<doc>opening of multiple url</doc>
<tag>Browsers</tag>
<status status="PASS" starttime="20220106 09:18:45.572" endtime="20220106 09:21:36.111"/>
</test>
<doc>openning of different web browsers</doc>
<status status="PASS" starttime="20220106 09:18:43.712" endtime="20220106 09:21:36.142"/>
</suite>
<statistics>
<total>
<stat pass="1" fail="0" skip="0">All Tests</stat>
</total>
<tag>
<stat pass="1" fail="0" skip="0">Browsers</stat>
</tag>
<suite>
<stat pass="1" fail="0" skip="0" id="s1" name="TCvariables">TCvariables</stat>
</suite>
</statistics>
<errors>
</errors>
</robot>
