<?xml version="1.0" encoding="UTF-8"?>
<robot generator="Robot 4.1.3 (Python 3.7.3 on win32)" generated="20220104 02:33:01.693" rpa="false" schemaversion="2">
<suite id="s1" name="TC" source="C:\Users\Victoria\PycharmProjects\pythonProject\TC\Testcase1\TC.robot">
<test id="s1-t1" name="Opening jumia browser">
<kw name="Open Browser" library="SeleniumLibrary">
<arg>https://www.jumia.com.ng/</arg>
<arg>chrome</arg>
<doc>Opens a new browser instance to the given ``url``.</doc>
<msg timestamp="20220104 02:33:03.162" level="INFO">Opening browser 'chrome' to base url 'https://www.jumia.com.ng/'.</msg>
<status status="PASS" starttime="20220104 02:33:03.162" endtime="20220104 02:33:51.886"/>
</kw>
<kw name="Maximize Browser Window" library="SeleniumLibrary">
<doc>Maximizes current browser window.</doc>
<status status="PASS" starttime="20220104 02:33:52.390" endtime="20220104 02:33:55.150"/>
</kw>
<kw name="Close Browser" library="SeleniumLibrary">
<doc>Closes the current browser.</doc>
<status status="PASS" starttime="20220104 02:33:57.409" endtime="20220104 02:34:27.554"/>
</kw>
<doc>Google Test</doc>
<tag>functional</tag>
<status status="PASS" starttime="20220104 02:33:03.162" endtime="20220104 02:34:27.585"/>
</test>
<status status="PASS" starttime="20220104 02:33:01.693" endtime="20220104 02:34:27.600"/>
</suite>
<statistics>
<total>
<stat pass="1" fail="0" skip="0">All Tests</stat>
</total>
<tag>
<stat pass="1" fail="0" skip="0">functional</stat>
</tag>
<suite>
<stat pass="1" fail="0" skip="0" id="s1" name="TC">TC</stat>
</suite>
</statistics>
<errors>
</errors>
</robot>
